Traceback (most recent call last):
  File "/mnt/d/code/python/webo_write/flask/weibo-writer-agent/weibo-writer-agent/server/toolkit/main.py", line 6, in <module>
    from apps.translation.views import router as translation_router
  File "/mnt/d/code/python/webo_write/flask/weibo-writer-agent/weibo-writer-agent/server/toolkit/apps/translation/views.py", line 4, in <module>
    from apps.translation.apis.ByteDance import run_ch2en, run_en2ch
  File "/mnt/d/code/python/webo_write/flask/weibo-writer-agent/weibo-writer-agent/server/toolkit/apps/translation/apis/ByteDance.py", line 7, in <module>
    from volcengine.ApiInfo import ApiInfo
ModuleNotFoundError: No module named 'volcengine'
Traceback (most recent call last):
  File "/mnt/d/code/python/webo_write/flask/weibo-writer-agent/weibo-writer-agent/server/toolkit/main.py", line 6, in <module>
    from apps.translation.views import router as translation_router
  File "/mnt/d/code/python/webo_write/flask/weibo-writer-agent/weibo-writer-agent/server/toolkit/apps/translation/views.py", line 4, in <module>
    from apps.translation.apis.ByteDance import run_ch2en, run_en2ch
  File "/mnt/d/code/python/webo_write/flask/weibo-writer-agent/weibo-writer-agent/server/toolkit/apps/translation/apis/ByteDance.py", line 7, in <module>
    from volcengine.ApiInfo import ApiInfo
ModuleNotFoundError: No module named 'volcengine'
Traceback (most recent call last):
  File "/mnt/d/code/python/webo_write/flask/weibo-writer-agent/weibo-writer-agent/server/toolkit/main.py", line 6, in <module>
    from apps.translation.views import router as translation_router
  File "/mnt/d/code/python/webo_write/flask/weibo-writer-agent/weibo-writer-agent/server/toolkit/apps/translation/views.py", line 4, in <module>
    from apps.translation.apis.ByteDance import run_ch2en, run_en2ch
  File "/mnt/d/code/python/webo_write/flask/weibo-writer-agent/weibo-writer-agent/server/toolkit/apps/translation/apis/ByteDance.py", line 7, in <module>
    from volcengine.ApiInfo import ApiInfo
ModuleNotFoundError: No module named 'volcengine'
Traceback (most recent call last):
  File "/mnt/d/code/python/webo_write/flask/weibo-writer-agent/weibo-writer-agent/server/toolkit/main.py", line 6, in <module>
    from apps.translation.views import router as translation_router
  File "/mnt/d/code/python/webo_write/flask/weibo-writer-agent/weibo-writer-agent/server/toolkit/apps/translation/views.py", line 4, in <module>
    from apps.translation.apis.ByteDance import run_ch2en, run_en2ch
  File "/mnt/d/code/python/webo_write/flask/weibo-writer-agent/weibo-writer-agent/server/toolkit/apps/translation/apis/ByteDance.py", line 7, in <module>
    from volcengine.ApiInfo import ApiInfo
ModuleNotFoundError: No module named 'volcengine'
Traceback (most recent call last):
  File "/mnt/d/code/python/webo_write/flask/weibo-writer-agent/weibo-writer-agent/server/toolkit/main.py", line 6, in <module>
    from apps.translation.views import router as translation_router
  File "/mnt/d/code/python/webo_write/flask/weibo-writer-agent/weibo-writer-agent/server/toolkit/apps/translation/views.py", line 4, in <module>
    from apps.translation.apis.ByteDance import run_ch2en, run_en2ch
  File "/mnt/d/code/python/webo_write/flask/weibo-writer-agent/weibo-writer-agent/server/toolkit/apps/translation/apis/ByteDance.py", line 10, in <module>
    from volcengine.base.Service import Service
  File "/home/lnform/miniconda3/envs/WWA/lib/python3.10/site-packages/volcengine/base/Service.py", line 23, in <module>
    from volcengine.auth.SignerV4 import SignerV4
  File "/home/lnform/miniconda3/envs/WWA/lib/python3.10/site-packages/volcengine/auth/SignerV4.py", line 5, in <module>
    import pytz
ModuleNotFoundError: No module named 'pytz'
Traceback (most recent call last):
  File "/mnt/d/code/python/webo_write/flask/weibo-writer-agent/weibo-writer-agent/server/toolkit/main.py", line 6, in <module>
    from apps.translation.views import router as translation_router
  File "/mnt/d/code/python/webo_write/flask/weibo-writer-agent/weibo-writer-agent/server/toolkit/apps/translation/views.py", line 4, in <module>
    from apps.translation.apis.ByteDance import run_ch2en, run_en2ch
  File "/mnt/d/code/python/webo_write/flask/weibo-writer-agent/weibo-writer-agent/server/toolkit/apps/translation/apis/ByteDance.py", line 10, in <module>
    from volcengine.base.Service import Service
  File "/home/lnform/miniconda3/envs/WWA/lib/python3.10/site-packages/volcengine/base/Service.py", line 23, in <module>
    from volcengine.auth.SignerV4 import SignerV4
  File "/home/lnform/miniconda3/envs/WWA/lib/python3.10/site-packages/volcengine/auth/SignerV4.py", line 5, in <module>
    import pytz
ModuleNotFoundError: No module named 'pytz'
Traceback (most recent call last):
  File "/mnt/d/code/python/webo_write/flask/weibo-writer-agent/weibo-writer-agent/server/toolkit/main.py", line 6, in <module>
    from apps.translation.views import router as translation_router
  File "/mnt/d/code/python/webo_write/flask/weibo-writer-agent/weibo-writer-agent/server/toolkit/apps/translation/views.py", line 4, in <module>
    from apps.translation.apis.ByteDance import run_ch2en, run_en2ch
  File "/mnt/d/code/python/webo_write/flask/weibo-writer-agent/weibo-writer-agent/server/toolkit/apps/translation/apis/ByteDance.py", line 10, in <module>
    from volcengine.base.Service import Service
  File "/home/lnform/miniconda3/envs/WWA/lib/python3.10/site-packages/volcengine/base/Service.py", line 23, in <module>
    from volcengine.auth.SignerV4 import SignerV4
  File "/home/lnform/miniconda3/envs/WWA/lib/python3.10/site-packages/volcengine/auth/SignerV4.py", line 5, in <module>
    import pytz
ModuleNotFoundError: No module named 'pytz'
Traceback (most recent call last):
  File "/mnt/d/code/python/webo_write/flask/weibo-writer-agent/weibo-writer-agent/server/toolkit/main.py", line 6, in <module>
    from apps.translation.views import router as translation_router
  File "/mnt/d/code/python/webo_write/flask/weibo-writer-agent/weibo-writer-agent/server/toolkit/apps/translation/views.py", line 4, in <module>
    from apps.translation.apis.ByteDance import run_ch2en, run_en2ch
  File "/mnt/d/code/python/webo_write/flask/weibo-writer-agent/weibo-writer-agent/server/toolkit/apps/translation/apis/ByteDance.py", line 10, in <module>
    from volcengine.base.Service import Service
  File "/home/lnform/miniconda3/envs/WWA/lib/python3.10/site-packages/volcengine/base/Service.py", line 23, in <module>
    from volcengine.auth.SignerV4 import SignerV4
  File "/home/lnform/miniconda3/envs/WWA/lib/python3.10/site-packages/volcengine/auth/SignerV4.py", line 5, in <module>
    import pytz
ModuleNotFoundError: No module named 'pytz'
